<?xml version="1.0" encoding="UTF-8"?>
<testng-results skipped="0" failed="0" ignored="0" total="1" passed="1">
  <reporter-output>
  </reporter-output>
  <suite name="Default suite" duration-ms="63" started-at="2017-05-21T18:19:28Z" finished-at="2017-05-21T18:19:28Z">
    <groups>
    </groups>
    <test name="Default test" duration-ms="63" started-at="2017-05-21T18:19:28Z" finished-at="2017-05-21T18:19:28Z">
      <class name="com.og.learningMaven.NewTest">
        <test-method status="PASS" signature="f()[pri:0, instance:com.og.learningMaven.NewTest@26be92ad]" name="f" duration-ms="19" started-at="2017-05-21T23:49:28Z" finished-at="2017-05-21T23:49:28Z">
          <reporter-output>
          </reporter-output>
        </test-method> <!-- f -->
      </class> <!-- com.og.learningMaven.NewTest -->
    </test> <!-- Default test -->
  </suite> <!-- Default suite -->
</testng-results>
